This is pdfTeX, Version 3.14159265-2.6-1.40.20 (MiKTeX 2.9.7250 64-bit) (preloaded format=pdflatex 2020.9.27)  29 MAR 2021 20:30
entering extended mode
**./finalreport.tex
(finalreport.tex
LaTeX2e <2019-10-01> patch level 3
("C:\Program Files\MiKTeX 2.9\tex/latex/base\article.cls"
Document Class: article 2019/10/25 v1.4k Standard LaTeX document class
("C:\Program Files\MiKTeX 2.9\tex/latex/base\size10.clo"
File: size10.clo 2019/10/25 v1.4k Standard LaTeX file (size option)
)
\c@part=\count80
\c@section=\count81
\c@subsection=\count82
\c@subsubsection=\count83
\c@paragraph=\count84
\c@subparagraph=\count85
\c@figure=\count86
\c@table=\count87
\abovecaptionskip=\skip41
\belowcaptionskip=\skip42
\bibindent=\dimen102
)
(C:\Users\Ayush\AppData\Roaming\MiKTeX\2.9\tex/latex/geometry\geometry.sty
Package: geometry 2020/01/02 v5.9 Page Geometry

("C:\Program Files\MiKTeX 2.9\tex/latex/graphics\keyval.sty"
Package: keyval 2014/10/28 v1.15 key=value parser (DPC)
\KV@toks@=\toks14
)
("C:\Program Files\MiKTeX 2.9\tex/generic/iftex\ifvtex.sty"
Package: ifvtex 2019/10/25 v1.7 ifvtex legacy package. Use iftex instead.

("C:\Program Files\MiKTeX 2.9\tex/generic/iftex\iftex.sty"
Package: iftex 2019/11/07 v1.0c TeX engine tests
))
\Gm@cnth=\count88
\Gm@cntv=\count89
\c@Gm@tempcnt=\count90
\Gm@bindingoffset=\dimen103
\Gm@wd@mp=\dimen104
\Gm@odd@mp=\dimen105
\Gm@even@mp=\dimen106
\Gm@layoutwidth=\dimen107
\Gm@layoutheight=\dimen108
\Gm@layouthoffset=\dimen109
\Gm@layoutvoffset=\dimen110
\Gm@dimlist=\toks15

(C:\Users\Ayush\AppData\Roaming\MiKTeX\2.9\tex/latex/geometry\geometry.cfg))
(C:\Users\Ayush\AppData\Roaming\MiKTeX\2.9\tex/latex/booktabs\booktabs.sty
Package: booktabs 2020/01/12 v1.61803398 Publication quality tables
\heavyrulewidth=\dimen111
\lightrulewidth=\dimen112
\cmidrulewidth=\dimen113
\belowrulesep=\dimen114
\belowbottomsep=\dimen115
\aboverulesep=\dimen116
\abovetopsep=\dimen117
\cmidrulesep=\dimen118
\cmidrulekern=\dimen119
\defaultaddspace=\dimen120
\@cmidla=\count91
\@cmidlb=\count92
\@aboverulesep=\dimen121
\@belowrulesep=\dimen122
\@thisruleclass=\count93
\@lastruleclass=\count94
\@thisrulewidth=\dimen123
)
("C:\Program Files\MiKTeX 2.9\tex/latex/graphics\graphicx.sty"
Package: graphicx 2017/06/01 v1.1a Enhanced LaTeX Graphics (DPC,SPQR)

("C:\Program Files\MiKTeX 2.9\tex/latex/graphics\graphics.sty"
Package: graphics 2019/11/01 v1.3d Standard LaTeX Graphics (DPC,SPQR)

("C:\Program Files\MiKTeX 2.9\tex/latex/graphics\trig.sty"
Package: trig 2016/01/03 v1.10 sin cos tan (DPC)
)
("C:\Program Files\MiKTeX 2.9\tex/latex/graphics-cfg\graphics.cfg"
File: graphics.cfg 2016/06/04 v1.11 sample graphics configuration
)
Package graphics Info: Driver file: pdftex.def on input line 105.

("C:\Program Files\MiKTeX 2.9\tex/latex/graphics-def\pdftex.def"
File: pdftex.def 2018/01/08 v1.0l Graphics/color driver for pdftex
))
\Gin@req@height=\dimen124
\Gin@req@width=\dimen125
)
("C:\Program Files\MiKTeX 2.9\tex/latex/tools\verbatim.sty"
Package: verbatim 2019/11/10 v1.5r LaTeX2e package for verbatim enhancements
\every@verbatim=\toks16
\verbatim@line=\toks17
\verbatim@in@stream=\read1
) (finalreport.aux)
\openout1 = `finalreport.aux'.

LaTeX Font Info:    Checking defaults for OML/cmm/m/it on input line 13.
LaTeX Font Info:    ... okay on input line 13.
LaTeX Font Info:    Checking defaults for T1/cmr/m/n on input line 13.
LaTeX Font Info:    ... okay on input line 13.
LaTeX Font Info:    Checking defaults for OT1/cmr/m/n on input line 13.
LaTeX Font Info:    ... okay on input line 13.
LaTeX Font Info:    Checking defaults for OMS/cmsy/m/n on input line 13.
LaTeX Font Info:    ... okay on input line 13.
LaTeX Font Info:    Checking defaults for OMX/cmex/m/n on input line 13.
LaTeX Font Info:    ... okay on input line 13.
LaTeX Font Info:    Checking defaults for U/cmr/m/n on input line 13.
LaTeX Font Info:    ... okay on input line 13.

*geometry* driver: auto-detecting
*geometry* detected driver: pdftex
*geometry* verbose mode - [ preamble ] result:
* driver: pdftex
* paper: letterpaper
* layout: <same size as paper>
* layoutoffset:(h,v)=(0.0pt,0.0pt)
* modes: 
* h-part:(L,W,R)=(54.2025pt, 505.89pt, 54.2025pt)
* v-part:(T,H,B)=(28.90799pt, 722.7pt, 43.362pt)
* \paperwidth=614.295pt
* \paperheight=794.96999pt
* \textwidth=505.89pt
* \textheight=722.7pt
* \oddsidemargin=-18.06749pt
* \evensidemargin=-18.06749pt
* \topmargin=-80.362pt
* \headheight=12.0pt
* \headsep=25.0pt
* \topskip=10.0pt
* \footskip=30.0pt
* \marginparwidth=65.0pt
* \marginparsep=11.0pt
* \columnsep=10.0pt
* \skip\footins=9.0pt plus 4.0pt minus 2.0pt
* \hoffset=0.0pt
* \voffset=0.0pt
* \mag=1000
* \@twocolumnfalse
* \@twosidefalse
* \@mparswitchfalse
* \@reversemarginfalse
* (1in=72.27pt=25.4mm, 1cm=28.453pt)

("C:\Program Files\MiKTeX 2.9\tex/context/base/mkii\supp-pdf.mkii"
[Loading MPS to PDF converter (version 2006.09.02).]
\scratchcounter=\count95
\scratchdimen=\dimen126
\scratchbox=\box27
\nofMPsegments=\count96
\nofMParguments=\count97
\everyMPshowfont=\toks18
\MPscratchCnt=\count98
\MPscratchDim=\dimen127
\MPnumerator=\count99
\makeMPintoPDFobject=\count100
\everyMPtoPDFconversion=\toks19
) ("C:\Program Files\MiKTeX 2.9\tex/latex/epstopdf-pkg\epstopdf-base.sty"
Package: epstopdf-base 2019/11/24 v2.7 Base part for package epstopdf

("C:\Program Files\MiKTeX 2.9\tex/generic/oberdiek\infwarerr.sty"
Package: infwarerr 2016/05/16 v1.4 Providing info/warning/error messages (HO)
)
("C:\Program Files\MiKTeX 2.9\tex/latex/oberdiek\grfext.sty"
Package: grfext 2016/05/16 v1.2 Manage graphics extensions (HO)

("C:\Program Files\MiKTeX 2.9\tex/generic/oberdiek\kvdefinekeys.sty"
Package: kvdefinekeys 2016/05/16 v1.4 Define keys (HO)

("C:\Program Files\MiKTeX 2.9\tex/generic/oberdiek\ltxcmds.sty"
Package: ltxcmds 2016/05/16 v1.23 LaTeX kernel commands for general use (HO)
)))
("C:\Program Files\MiKTeX 2.9\tex/latex/oberdiek\kvoptions.sty"
Package: kvoptions 2016/05/16 v3.12 Key value format for package options (HO)

("C:\Program Files\MiKTeX 2.9\tex/generic/oberdiek\kvsetkeys.sty"
Package: kvsetkeys 2016/05/16 v1.17 Key value parser (HO)

("C:\Program Files\MiKTeX 2.9\tex/generic/oberdiek\etexcmds.sty"
Package: etexcmds 2016/05/16 v1.6 Avoid name clashes with e-TeX commands (HO)

("C:\Program Files\MiKTeX 2.9\tex/generic/iftex\ifluatex.sty"
Package: ifluatex 2019/10/25 v1.5 ifluatex legacy package. Use iftex instead.
))))
("C:\Program Files\MiKTeX 2.9\tex/latex/pdftexcmds\pdftexcmds.sty"
Package: pdftexcmds 2019/11/24 v0.31 Utility functions of pdfTeX for LuaTeX (HO
)
Package pdftexcmds Info: \pdf@primitive is available.
Package pdftexcmds Info: \pdf@ifprimitive is available.
Package pdftexcmds Info: \pdfdraftmode found.
)
Package epstopdf-base Info: Redefining graphics rule for `.eps' on input line 4
42.
Package grfext Info: Graphics extension search list:
(grfext)             [.pdf,.png,.jpg,.mps,.jpeg,.jbig2,.jb2,.PDF,.PNG,.JPG,.JPE
G,.JBIG2,.JB2,.eps]
(grfext)             \AppendGraphicsExtensions on input line 460.
)
LaTeX Font Info:    External font `cmex10' loaded for size
(Font)              <12> on input line 15.
LaTeX Font Info:    External font `cmex10' loaded for size
(Font)              <8> on input line 15.
LaTeX Font Info:    External font `cmex10' loaded for size
(Font)              <6> on input line 15.

(finalreport.toc
LaTeX Font Info:    External font `cmex10' loaded for size
(Font)              <7> on input line 2.
LaTeX Font Info:    External font `cmex10' loaded for size
(Font)              <5> on input line 2.
)
\tf@toc=\write3
\openout3 = `finalreport.toc'.

 [1

{C:/Users/Ayush/AppData/Local/MiKTeX/2.9/pdftex/config/pdftex.map}]
<../plots/python/AutoForwardPCP.png, id=10, 722.7pt x 722.7pt>
File: ../plots/python/AutoForwardPCP.png Graphic file (type png)
<use ../plots/python/AutoForwardPCP.png>
Package pdftex.def Info: ../plots/python/AutoForwardPCP.png  used on input line
 69.
(pdftex.def)             Requested size: 144.53743pt x 144.53743pt.
<../plots/python/BackwardPCP.png, id=12, 722.7pt x 722.7pt>
File: ../plots/python/BackwardPCP.png Graphic file (type png)
<use ../plots/python/BackwardPCP.png>
Package pdftex.def Info: ../plots/python/BackwardPCP.png  used on input line 70
.
(pdftex.def)             Requested size: 144.53743pt x 144.53743pt.
<../plots/python/StepwisePCP.png, id=13, 722.7pt x 722.7pt>
File: ../plots/python/StepwisePCP.png Graphic file (type png)
<use ../plots/python/StepwisePCP.png>
Package pdftex.def Info: ../plots/python/StepwisePCP.png  used on input line 71
.
(pdftex.def)             Requested size: 144.53743pt x 144.53743pt.
<../plots/python/AICAutoForwardPCP.png, id=14, 722.7pt x 722.7pt>
File: ../plots/python/AICAutoForwardPCP.png Graphic file (type png)
<use ../plots/python/AICAutoForwardPCP.png>
Package pdftex.def Info: ../plots/python/AICAutoForwardPCP.png  used on input l
ine 73.
(pdftex.def)             Requested size: 144.53743pt x 144.53743pt.
<../plots/python/AICBackwardPCP.png, id=15, 722.7pt x 722.7pt>
File: ../plots/python/AICBackwardPCP.png Graphic file (type png)
<use ../plots/python/AICBackwardPCP.png>
Package pdftex.def Info: ../plots/python/AICBackwardPCP.png  used on input line
 74.
(pdftex.def)             Requested size: 144.53743pt x 144.53743pt.
<../plots/python/AICStepwisePCP.png, id=16, 722.7pt x 722.7pt>
File: ../plots/python/AICStepwisePCP.png Graphic file (type png)
<use ../plots/python/AICStepwisePCP.png>
Package pdftex.def Info: ../plots/python/AICStepwisePCP.png  used on input line
 75.
(pdftex.def)             Requested size: 144.53743pt x 144.53743pt.
 [2 <../plots/python/AutoForwardPCP.png> <../plots/python/BackwardPCP.png> <../
plots/python/StepwisePCP.png>]
<../plots/python/AutoForward3L.png, id=26, 722.7pt x 722.7pt>
File: ../plots/python/AutoForward3L.png Graphic file (type png)
<use ../plots/python/AutoForward3L.png>
Package pdftex.def Info: ../plots/python/AutoForward3L.png  used on input line 
79.
(pdftex.def)             Requested size: 144.53743pt x 144.53743pt.
<../plots/python/Backward3L.png, id=27, 722.7pt x 722.7pt>
File: ../plots/python/Backward3L.png Graphic file (type png)
<use ../plots/python/Backward3L.png>
Package pdftex.def Info: ../plots/python/Backward3L.png  used on input line 80.

(pdftex.def)             Requested size: 144.53743pt x 144.53743pt.
<../plots/python/Stepwise3L.png, id=28, 722.7pt x 722.7pt>
File: ../plots/python/Stepwise3L.png Graphic file (type png)
<use ../plots/python/Stepwise3L.png>
Package pdftex.def Info: ../plots/python/Stepwise3L.png  used on input line 81.

(pdftex.def)             Requested size: 144.53743pt x 144.53743pt.
<../plots/python/AICAutoForward3L.png, id=29, 722.7pt x 722.7pt>
File: ../plots/python/AICAutoForward3L.png Graphic file (type png)
<use ../plots/python/AICAutoForward3L.png>
Package pdftex.def Info: ../plots/python/AICAutoForward3L.png  used on input li
ne 83.
(pdftex.def)             Requested size: 144.53743pt x 144.53743pt.
<../plots/python/AICBackward3L.png, id=30, 722.7pt x 722.7pt>
File: ../plots/python/AICBackward3L.png Graphic file (type png)
<use ../plots/python/AICBackward3L.png>
Package pdftex.def Info: ../plots/python/AICBackward3L.png  used on input line 
84.
(pdftex.def)             Requested size: 144.53743pt x 144.53743pt.
<../plots/python/AICStepwise3L.png, id=31, 722.7pt x 722.7pt>
File: ../plots/python/AICStepwise3L.png Graphic file (type png)
<use ../plots/python/AICStepwise3L.png>
Package pdftex.def Info: ../plots/python/AICStepwise3L.png  used on input line 
85.
(pdftex.def)             Requested size: 144.53743pt x 144.53743pt.
<../plots/python/AutoForward4L.png, id=32, 722.7pt x 722.7pt>
File: ../plots/python/AutoForward4L.png Graphic file (type png)
<use ../plots/python/AutoForward4L.png>
Package pdftex.def Info: ../plots/python/AutoForward4L.png  used on input line 
89.
(pdftex.def)             Requested size: 144.53743pt x 144.53743pt.
<../plots/python/Backward4L.png, id=33, 722.7pt x 722.7pt>
File: ../plots/python/Backward4L.png Graphic file (type png)
<use ../plots/python/Backward4L.png>
Package pdftex.def Info: ../plots/python/Backward4L.png  used on input line 90.

(pdftex.def)             Requested size: 144.53743pt x 144.53743pt.
<../plots/python/Stepwise4L.png, id=34, 722.7pt x 722.7pt>
File: ../plots/python/Stepwise4L.png Graphic file (type png)
<use ../plots/python/Stepwise4L.png>
Package pdftex.def Info: ../plots/python/Stepwise4L.png  used on input line 91.

(pdftex.def)             Requested size: 144.53743pt x 144.53743pt.
<../plots/python/AICAutoForward4L.png, id=35, 722.7pt x 722.7pt>
File: ../plots/python/AICAutoForward4L.png Graphic file (type png)
<use ../plots/python/AICAutoForward4L.png>
Package pdftex.def Info: ../plots/python/AICAutoForward4L.png  used on input li
ne 93.
(pdftex.def)             Requested size: 144.53743pt x 144.53743pt.
<../plots/python/AICBackward4L.png, id=36, 722.7pt x 722.7pt>
File: ../plots/python/AICBackward4L.png Graphic file (type png)
<use ../plots/python/AICBackward4L.png>
Package pdftex.def Info: ../plots/python/AICBackward4L.png  used on input line 
94.
(pdftex.def)             Requested size: 144.53743pt x 144.53743pt.
<../plots/python/AICStepwise4L.png, id=37, 722.7pt x 722.7pt>
File: ../plots/python/AICStepwise4L.png Graphic file (type png)
<use ../plots/python/AICStepwise4L.png>
Package pdftex.def Info: ../plots/python/AICStepwise4L.png  used on input line 
95.
(pdftex.def)             Requested size: 144.53743pt x 144.53743pt.
 [3 <../plots/python/AICAutoForwardPCP.png> <../plots/python/AICBackwardPCP.png
> <../plots/python/AICStepwisePCP.png> <../plots/python/AutoForward3L.png> <../
plots/python/Backward3L.png> <../plots/python/Stepwise3L.png> <../plots/python/
AICAutoForward3L.png> <../plots/python/AICBackward3L.png> <../plots/python/AICS
tepwise3L.png> <../plots/python/AutoForward4L.png> <../plots/python/Backward4L.
png> <../plots/python/Stepwise4L.png>]
[4 <../plots/python/AICAutoForward4L.png> <../plots/python/AICBackward4L.png> <
../plots/python/AICStepwise4L.png>] (finalreport.aux) ) 
Here is how much of TeX's memory you used:
 2177 strings out of 492484
 33262 string characters out of 3130515
 104422 words of memory out of 3000000
 6494 multiletter control sequences out of 15000+200000
 7895 words of font info for 28 fonts, out of 3000000 for 9000
 1141 hyphenation exceptions out of 8191
 51i,7n,32p,303b,189s stack positions out of 5000i,500n,10000p,200000b,50000s
<C:/Program Files/MiKTeX
 2.9/fonts/type1/public/amsfonts/cm/cmbx10.pfb><C:/Program Files/MiKTeX 2.9/fon
ts/type1/public/amsfonts/cm/cmbx12.pfb><C:/Program Files/MiKTeX 2.9/fonts/type1
/public/amsfonts/cm/cmmi10.pfb><C:/Program Files/MiKTeX 2.9/fonts/type1/public/
amsfonts/cm/cmmi7.pfb><C:/Program Files/MiKTeX 2.9/fonts/type1/public/amsfonts/
cm/cmr10.pfb><C:/Program Files/MiKTeX 2.9/fonts/type1/public/amsfonts/cm/cmr12.
pfb><C:/Program Files/MiKTeX 2.9/fonts/type1/public/amsfonts/cm/cmr17.pfb><C:/P
rogram Files/MiKTeX 2.9/fonts/type1/public/amsfonts/cm/cmr7.pfb>
Output written on finalreport.pdf (4 pages, 589926 bytes).
PDF statistics:
 84 PDF objects out of 1000 (max. 8388607)
 0 named destinations out of 1000 (max. 500000)
 91 words of extra memory for PDF output out of 10000 (max. 10000000)

